<?xml version="1.0"?>
<testsuites tests="4" failures="0">
<testsuite name="k6 thresholds" tests="4" failures="0"><testcase name="http_req_failed - rate&lt;0.02" />
<testcase name="login_time - p(95)&lt;2000" />
<testcase name="reservationPerReq - p(95)&lt;2000" />
<testcase name="http_req_duration - p(95)&lt;2000" />
</testsuite >
</testsuites >